{
  "RSpec": {
    "coverage": {
      "/Users/alirezaandersen/gemNoteChallenge/gemNoteApi/app/helpers/application_helper.rb": [
        1,
        null
      ],
      "/Users/alirezaandersen/gemNoteChallenge/gemNoteApi/app/controllers/api/v1/categories/categories_controller.rb": [
        1,
        1,
        1,
        1,
        null,
        1,
        1,
        null,
        null,
        1,
        1,
        null,
        null,
        1,
        0,
        null,
        null,
        null,
        null,
        null,
        null
      ],
      "/Users/alirezaandersen/gemNoteChallenge/gemNoteApi/app/controllers/api/api_controller.rb": [
        1,
        1,
        1,
        1,
        null,
        null
      ],
      "/Users/alirezaandersen/gemNoteChallenge/gemNoteApi/app/controllers/application_controller.rb": [
        1,
        null,
        null,
        1,
        null
      ],
      "/Users/alirezaandersen/gemNoteChallenge/gemNoteApi/app/models/category.rb": [
        1,
        1,
        null
      ],
      "/Users/alirezaandersen/gemNoteChallenge/gemNoteApi/app/controllers/api/v1/apparels/apparels_controller.rb": [
        0,
        0,
        0,
        0,
        null,
        0,
        null,
        0,
        0,
        null,
        0,
        null,
        0,
        0,
        null,
        0,
        null,
        0,
        0,
        null,
        0,
        null,
        0,
        null,
        0,
        null,
        0,
        null,
        0,
        0,
        null,
        0,
        0,
        0,
        0
      ],
      "/Users/alirezaandersen/gemNoteChallenge/gemNoteApi/app/controllers/api/v1/drinkwares/drinkware_controller.rb": [
        0,
        0,
        0,
        0,
        null,
        null,
        0,
        null,
        0,
        0,
        null,
        0,
        null,
        0,
        0,
        null,
        0,
        null,
        0,
        0,
        null,
        null,
        null,
        null,
        0,
        0,
        0,
        0
      ],
      "/Users/alirezaandersen/gemNoteChallenge/gemNoteApi/app/controllers/api/v1/food_beverages/food_beverages_controller.rb": [
        0,
        0,
        0,
        0,
        null,
        0,
        null,
        0,
        null,
        0,
        null,
        0,
        null,
        0,
        null,
        0,
        null,
        0,
        null,
        0,
        0,
        null,
        0,
        null,
        0,
        0,
        null,
        0,
        null,
        0,
        0,
        0,
        0,
        0
      ],
      "/Users/alirezaandersen/gemNoteChallenge/gemNoteApi/app/controllers/api/v1/images/images_controller.rb": [
        0,
        0,
        0,
        0,
        null,
        0,
        null,
        0,
        0,
        null,
        0,
        null,
        0,
        0,
        0,
        0,
        0,
        0
      ],
      "/Users/alirezaandersen/gemNoteChallenge/gemNoteApi/app/controllers/api/v1/items/items_brand_controller.rb": [
        0,
        0,
        0,
        0,
        null,
        null,
        0,
        0,
        0,
        null,
        0,
        0,
        0,
        0
      ],
      "/Users/alirezaandersen/gemNoteChallenge/gemNoteApi/app/controllers/api/v1/items/items_controller.rb": [
        0,
        0,
        0,
        0,
        null,
        null,
        0,
        0,
        0,
        null,
        null,
        0,
        0,
        0,
        null,
        null,
        0,
        0,
        0,
        null,
        null,
        null,
        null,
        null,
        null,
        null,
        0,
        0,
        0,
        0,
        0,
        0,
        0
      ],
      "/Users/alirezaandersen/gemNoteChallenge/gemNoteApi/app/controllers/api/v1/items/items_price_controller.rb": [
        0,
        0,
        0,
        0,
        null,
        0,
        0,
        0,
        null,
        0,
        0,
        0,
        0
      ],
      "/Users/alirezaandersen/gemNoteChallenge/gemNoteApi/app/models/apparel.rb": [
        0,
        0,
        0,
        null,
        null,
        0,
        0,
        0,
        0,
        null,
        0,
        0,
        0,
        0,
        null,
        0
      ],
      "/Users/alirezaandersen/gemNoteChallenge/gemNoteApi/app/models/drinkware.rb": [
        0,
        0,
        0
      ],
      "/Users/alirezaandersen/gemNoteChallenge/gemNoteApi/app/models/food_beverage.rb": [
        0,
        0,
        0,
        null,
        null,
        0,
        0,
        0,
        0,
        0
      ],
      "/Users/alirezaandersen/gemNoteChallenge/gemNoteApi/app/models/image.rb": [
        0,
        0,
        0
      ],
      "/Users/alirezaandersen/gemNoteChallenge/gemNoteApi/app/models/item.rb": [
        0,
        0,
        0,
        0,
        0,
        0,
        0
      ],
      "/Users/alirezaandersen/gemNoteChallenge/gemNoteApi/app/models/item_category.rb": [
        0,
        0,
        0,
        0
      ],
      "/Users/alirezaandersen/gemNoteChallenge/gemNoteApi/app/models/item_image.rb": [
        0,
        0,
        0,
        null,
        null,
        0,
        0,
        0,
        0,
        0
      ]
    },
    "timestamp": 1515486583
  }
}
